Base path: 'C:/Program Files/Unity/Hub/Editor/2019.4.10f1/Editor/Data', plugins path 'C:/Program Files/Unity/Hub/Editor/2019.4.10f1/Editor/Data/PlaybackEngines'
Cmd: initializeCompiler
Cmd: preprocess
  insize=42645 outsize=3342 ok=1
Cmd: preprocess
  insize=31290 outsize=3297 ok=1
Cmd: preprocess
  insize=6193 outsize=3119 ok=1
Cmd: preprocess
  insize=6816 outsize=2126 ok=1
Cmd: preprocess
  insize=10780 outsize=2060 ok=1
Cmd: preprocess
  insize=6381 outsize=1796 ok=1
Cmd: preprocess
  insize=6457 outsize=2108 ok=1
Cmd: preprocess
  insize=39614 outsize=3251 ok=1
Cmd: preprocess
  insize=20737 outsize=2529 ok=1
Cmd: preprocess
  insize=3051 outsize=2834 ok=1
Cmd: preprocess
  insize=4639 outsize=1911 ok=1
Cmd: preprocess
  insize=2661 outsize=2946 ok=1
Cmd: preprocess
  insize=14967 outsize=2285 ok=1
Cmd: preprocess
  insize=2605 outsize=1301 ok=1

Quitting shader compiler process
